<?xml version="1.0" encoding="UTF-8"?>
<!-- Generated by org.testng.reporters.JUnitReportReporter -->
<testsuite hostname="mona" failures="0" tests="1" name="demo.DemoTest" time="0.022" errors="0" timestamp="2023-04-11T22:26:05 PDT" skipped="0">
  <testcase classname="demo.DemoTest" name="demo" time="0.022"/>
  <system-out/>
</testsuite> <!-- demo.DemoTest -->
