<?xml version="1.0" encoding="UTF-8"?>
<!-- Generated by org.testng.reporters.JUnitReportReporter -->
<testsuite hostname="VAIO" failures="0" tests="1" name="demo.DemoTest" time="0.047" errors="0" timestamp="2022-11-19T16:36:01 IST" skipped="0">
  <testcase classname="demo.DemoTest" name="demo" time="0.047"/>
  <system-out/>
</testsuite> <!-- demo.DemoTest -->
